<?xml version="1.0" encoding="UTF-8"?>
<!-- Generated by org.testng.reporters.JUnitReportReporter -->
<testsuite hostname="DESKTOP-8JLKFVT" failures="0" tests="1" name="framework.automation.tests.LoginTest" time="5.169" errors="0" timestamp="2024-08-31T15:48:02 BDT" skipped="0">
  <testcase classname="framework.automation.tests.LoginTest" name="testLoginMethod" time="5.169"/>
</testsuite> <!-- framework.automation.tests.LoginTest -->
